<?xml version="1.0" encoding="UTF-8"?>
<!-- Generated by org.testng.reporters.JUnitXMLReporter -->
<testsuite ignored="0" hostname="LAPTOP-JUAMJLPR" failures="1" tests="2" name="Test" time="17.324" errors="0" timestamp="2023-06-23T18:02:34 IST">
  <testcase classname="TestCases.VerifyLogin" name="invalidLogin" time="0.587">
    <failure type="java.lang.AssertionError" message="The following asserts failed:
	Error massage is not valid expected [please check your user name and password.if you still can&amp;apos;t log in,contact your salesforce administrator.] but found [Please check your username and password. If you still can&amp;apos;t log in, contact your Salesforce administrator.]">
      <![CDATA[java.lang.AssertionError: The following asserts failed:
Error massage is not valid expected [please check your user name and password.if you still can't log in,contact your salesforce administrator.] but found [Please check your username and password. If you still can't log in, contact your Salesforce administrator.]
at TestCases.VerifyLogin.invalidLogin(VerifyLogin.java:38)
at java.base/java.util.ArrayList.forEach(ArrayList.java:1511)
... Removed 29 stack frames]]>
    </failure>
  </testcase> <!-- invalidLogin -->
  <testcase classname="TestCases.VerifySignup" name="signup" time="7.148"/>
</testsuite> <!-- Test -->
